mode: atomic
github.com/rinosukmandityo/portfolio-balance/internal/sentry/sentry.go:9.84,10.18 1 1
github.com/rinosukmandityo/portfolio-balance/internal/sentry/sentry.go:14.2,14.26 1 1
github.com/rinosukmandityo/portfolio-balance/internal/sentry/sentry.go:25.2,25.14 1 1
github.com/rinosukmandityo/portfolio-balance/internal/sentry/sentry.go:10.18,12.3 1 0
github.com/rinosukmandityo/portfolio-balance/internal/sentry/sentry.go:14.26,23.3 4 1
github.com/rinosukmandityo/portfolio-balance/internal/kafka/schemas/datapoint.go:26.91,31.9 5 1
github.com/rinosukmandityo/portfolio-balance/internal/kafka/schemas/datapoint.go:35.2,36.9 2 1
github.com/rinosukmandityo/portfolio-balance/internal/kafka/schemas/datapoint.go:41.2,42.9 2 1
github.com/rinosukmandityo/portfolio-balance/internal/kafka/schemas/datapoint.go:46.2,47.9 2 1
github.com/rinosukmandityo/portfolio-balance/internal/kafka/schemas/datapoint.go:51.2,52.16 2 1
github.com/rinosukmandityo/portfolio-balance/internal/kafka/schemas/datapoint.go:55.2,56.9 2 1
github.com/rinosukmandityo/portfolio-balance/internal/kafka/schemas/datapoint.go:61.2,61.16 1 1
github.com/rinosukmandityo/portfolio-balance/internal/kafka/schemas/datapoint.go:31.9,34.3 1 0
github.com/rinosukmandityo/portfolio-balance/internal/kafka/schemas/datapoint.go:36.9,39.3 1 0
github.com/rinosukmandityo/portfolio-balance/internal/kafka/schemas/datapoint.go:42.9,45.3 1 0
github.com/rinosukmandityo/portfolio-balance/internal/kafka/schemas/datapoint.go:47.9,50.3 1 0
github.com/rinosukmandityo/portfolio-balance/internal/kafka/schemas/datapoint.go:52.16,54.3 1 0
github.com/rinosukmandityo/portfolio-balance/internal/kafka/schemas/datapoint.go:56.9,59.3 1 0
github.com/rinosukmandityo/portfolio-balance/internal/kafka/client/config.go:44.41,47.24 1 1
github.com/rinosukmandityo/portfolio-balance/internal/kafka/client/config.go:51.2,51.23 1 1
github.com/rinosukmandityo/portfolio-balance/internal/kafka/client/config.go:54.2,54.21 1 1
github.com/rinosukmandityo/portfolio-balance/internal/kafka/client/config.go:57.2,57.21 1 1
github.com/rinosukmandityo/portfolio-balance/internal/kafka/client/config.go:60.2,60.20 1 1
github.com/rinosukmandityo/portfolio-balance/internal/kafka/client/config.go:63.2,63.29 1 1
github.com/rinosukmandityo/portfolio-balance/internal/kafka/client/config.go:47.24,49.3 1 1
github.com/rinosukmandityo/portfolio-balance/internal/kafka/client/config.go:51.23,53.3 1 0
github.com/rinosukmandityo/portfolio-balance/internal/kafka/client/config.go:54.21,56.3 1 1
github.com/rinosukmandityo/portfolio-balance/internal/kafka/client/config.go:57.21,59.3 1 1
github.com/rinosukmandityo/portfolio-balance/internal/kafka/client/config.go:60.20,62.3 1 1
github.com/rinosukmandityo/portfolio-balance/internal/kafka/client/config.go:63.29,65.3 1 1
github.com/rinosukmandityo/portfolio-balance/internal/kafka/client/logger.go:13.47,17.2 1 0
github.com/rinosukmandityo/portfolio-balance/internal/kafka/client/logger.go:20.64,23.2 2 0
github.com/rinosukmandityo/portfolio-balance/internal/kafka/client/reader.go:40.89,48.16 4 1
github.com/rinosukmandityo/portfolio-balance/internal/kafka/client/reader.go:52.2,52.20 1 1
github.com/rinosukmandityo/portfolio-balance/internal/kafka/client/reader.go:48.16,50.3 1 0
github.com/rinosukmandityo/portfolio-balance/internal/kafka/client/reader.go:56.78,62.37 3 1
github.com/rinosukmandityo/portfolio-balance/internal/kafka/client/reader.go:73.2,74.23 2 1
github.com/rinosukmandityo/portfolio-balance/internal/kafka/client/reader.go:78.2,91.28 2 1
github.com/rinosukmandityo/portfolio-balance/internal/kafka/client/reader.go:94.2,94.23 1 1
github.com/rinosukmandityo/portfolio-balance/internal/kafka/client/reader.go:104.2,104.20 1 1
github.com/rinosukmandityo/portfolio-balance/internal/kafka/client/reader.go:62.37,64.17 2 1
github.com/rinosukmandityo/portfolio-balance/internal/kafka/client/reader.go:68.3,68.37 1 1
github.com/rinosukmandityo/portfolio-balance/internal/kafka/client/reader.go:64.17,66.4 1 0
github.com/rinosukmandityo/portfolio-balance/internal/kafka/client/reader.go:68.37,70.4 1 0
github.com/rinosukmandityo/portfolio-balance/internal/kafka/client/reader.go:74.23,76.3 1 0
github.com/rinosukmandityo/portfolio-balance/internal/kafka/client/reader.go:91.28,93.3 1 0
github.com/rinosukmandityo/portfolio-balance/internal/kafka/client/reader.go:94.23,102.3 1 0
github.com/rinosukmandityo/portfolio-balance/internal/kafka/client/reader.go:108.87,110.15 2 0
github.com/rinosukmandityo/portfolio-balance/internal/kafka/client/reader.go:123.2,123.32 1 0
github.com/rinosukmandityo/portfolio-balance/internal/kafka/client/reader.go:110.15,112.47 1 0
github.com/rinosukmandityo/portfolio-balance/internal/kafka/client/reader.go:116.3,120.72 2 0
github.com/rinosukmandityo/portfolio-balance/internal/kafka/client/reader.go:112.47,114.4 1 0
github.com/rinosukmandityo/portfolio-balance/internal/kafka/client/reader.go:129.87,131.2 1 0
github.com/rinosukmandityo/portfolio-balance/internal/kafka/client/reader.go:134.36,135.38 1 1
github.com/rinosukmandityo/portfolio-balance/internal/kafka/client/reader.go:139.2,139.12 1 1
github.com/rinosukmandityo/portfolio-balance/internal/kafka/client/reader.go:135.38,137.3 1 0
github.com/rinosukmandityo/portfolio-balance/internal/kafka/client/writer.go:40.61,41.31 1 0
github.com/rinosukmandityo/portfolio-balance/internal/kafka/client/writer.go:41.31,43.3 1 0
github.com/rinosukmandityo/portfolio-balance/internal/kafka/client/writer.go:47.56,48.31 1 0
github.com/rinosukmandityo/portfolio-balance/internal/kafka/client/writer.go:48.31,50.3 1 0
github.com/rinosukmandityo/portfolio-balance/internal/kafka/client/writer.go:58.24,66.26 2 0
github.com/rinosukmandityo/portfolio-balance/internal/kafka/client/writer.go:71.2,71.34 1 0
github.com/rinosukmandityo/portfolio-balance/internal/kafka/client/writer.go:76.2,76.26 1 0
github.com/rinosukmandityo/portfolio-balance/internal/kafka/client/writer.go:81.2,91.56 4 0
github.com/rinosukmandityo/portfolio-balance/internal/kafka/client/writer.go:98.2,105.20 3 0
github.com/rinosukmandityo/portfolio-balance/internal/kafka/client/writer.go:66.26,68.3 1 0
github.com/rinosukmandityo/portfolio-balance/internal/kafka/client/writer.go:71.34,73.3 1 0
github.com/rinosukmandityo/portfolio-balance/internal/kafka/client/writer.go:76.26,78.3 1 0
github.com/rinosukmandityo/portfolio-balance/internal/kafka/client/writer.go:91.56,93.17 2 0
github.com/rinosukmandityo/portfolio-balance/internal/kafka/client/writer.go:93.17,95.4 1 0
github.com/rinosukmandityo/portfolio-balance/internal/kafka/client/writer.go:109.92,111.15 2 0
github.com/rinosukmandityo/portfolio-balance/internal/kafka/client/writer.go:120.2,120.42 1 0
github.com/rinosukmandityo/portfolio-balance/internal/kafka/client/writer.go:111.15,118.3 3 0
github.com/rinosukmandityo/portfolio-balance/internal/kafka/client/writer.go:124.36,125.38 1 0
github.com/rinosukmandityo/portfolio-balance/internal/kafka/client/writer.go:129.2,129.12 1 0
github.com/rinosukmandityo/portfolio-balance/internal/kafka/client/writer.go:125.38,127.3 1 0
github.com/rinosukmandityo/portfolio-balance/internal/postgres/client.go:29.63,36.33 2 1
github.com/rinosukmandityo/portfolio-balance/internal/postgres/client.go:40.2,40.10 1 1
github.com/rinosukmandityo/portfolio-balance/internal/postgres/client.go:36.33,38.3 1 0
github.com/rinosukmandityo/portfolio-balance/internal/postgres/client.go:44.41,46.16 2 0
github.com/rinosukmandityo/portfolio-balance/internal/postgres/client.go:52.2,55.12 4 0
github.com/rinosukmandityo/portfolio-balance/internal/postgres/client.go:46.16,50.3 2 0
github.com/rinosukmandityo/portfolio-balance/internal/postgres/client.go:59.32,61.2 1 0
github.com/rinosukmandityo/portfolio-balance/internal/postgres/client.go:64.71,71.2 2 0
github.com/rinosukmandityo/portfolio-balance/internal/postgres/client.go:74.60,75.25 1 0
github.com/rinosukmandityo/portfolio-balance/internal/postgres/client.go:75.25,77.3 1 0
github.com/rinosukmandityo/portfolio-balance/internal/postgres/client.go:81.59,82.25 1 0
github.com/rinosukmandityo/portfolio-balance/internal/postgres/client.go:82.25,84.3 1 0
github.com/rinosukmandityo/portfolio-balance/internal/postgres/client.go:88.49,89.25 1 0
github.com/rinosukmandityo/portfolio-balance/internal/postgres/client.go:89.25,91.3 1 0
github.com/rinosukmandityo/portfolio-balance/internal/postgres/portfolio_storage.go:51.58,52.35 1 0
github.com/rinosukmandityo/portfolio-balance/internal/postgres/portfolio_storage.go:52.35,54.14 2 0
github.com/rinosukmandityo/portfolio-balance/internal/postgres/portfolio_storage.go:55.47,56.30 1 0
github.com/rinosukmandityo/portfolio-balance/internal/postgres/portfolio_storage.go:57.11,58.92 1 0
github.com/rinosukmandityo/portfolio-balance/internal/postgres/portfolio_storage.go:64.86,70.33 2 0
github.com/rinosukmandityo/portfolio-balance/internal/postgres/portfolio_storage.go:74.2,74.10 1 0
github.com/rinosukmandityo/portfolio-balance/internal/postgres/portfolio_storage.go:70.33,72.3 1 0
github.com/rinosukmandityo/portfolio-balance/internal/postgres/portfolio_storage.go:80.115,84.27 4 0
github.com/rinosukmandityo/portfolio-balance/internal/postgres/portfolio_storage.go:95.2,98.68 3 0
github.com/rinosukmandityo/portfolio-balance/internal/postgres/portfolio_storage.go:115.2,115.12 1 0
github.com/rinosukmandityo/portfolio-balance/internal/postgres/portfolio_storage.go:84.27,93.3 4 0
github.com/rinosukmandityo/portfolio-balance/internal/postgres/portfolio_storage.go:98.68,107.31 3 0
github.com/rinosukmandityo/portfolio-balance/internal/postgres/portfolio_storage.go:108.25,109.33 1 0
github.com/rinosukmandityo/portfolio-balance/internal/postgres/portfolio_storage.go:110.29,111.43 1 0
github.com/rinosukmandityo/portfolio-balance/internal/postgres/portfolio_storage.go:120.120,123.27 3 0
github.com/rinosukmandityo/portfolio-balance/internal/postgres/portfolio_storage.go:128.2,128.32 1 0
github.com/rinosukmandityo/portfolio-balance/internal/postgres/portfolio_storage.go:123.27,126.3 2 0
github.com/rinosukmandityo/portfolio-balance/internal/postgres/portfolio_storage.go:131.115,134.27 3 0
github.com/rinosukmandityo/portfolio-balance/internal/postgres/portfolio_storage.go:139.2,139.61 1 0
github.com/rinosukmandityo/portfolio-balance/internal/postgres/portfolio_storage.go:134.27,137.3 2 0
github.com/rinosukmandityo/portfolio-balance/internal/postgres/portfolio_storage.go:146.15,148.16 2 0
github.com/rinosukmandityo/portfolio-balance/internal/postgres/portfolio_storage.go:151.2,151.15 1 0
github.com/rinosukmandityo/portfolio-balance/internal/postgres/portfolio_storage.go:161.2,162.16 2 0
github.com/rinosukmandityo/portfolio-balance/internal/postgres/portfolio_storage.go:165.2,167.26 2 0
github.com/rinosukmandityo/portfolio-balance/internal/postgres/portfolio_storage.go:179.2,179.35 1 0
github.com/rinosukmandityo/portfolio-balance/internal/postgres/portfolio_storage.go:183.2,183.12 1 0
github.com/rinosukmandityo/portfolio-balance/internal/postgres/portfolio_storage.go:148.16,150.3 1 0
github.com/rinosukmandityo/portfolio-balance/internal/postgres/portfolio_storage.go:151.15,152.17 1 0
github.com/rinosukmandityo/portfolio-balance/internal/postgres/portfolio_storage.go:152.17,153.56 1 0
github.com/rinosukmandityo/portfolio-balance/internal/postgres/portfolio_storage.go:153.56,157.5 2 0
github.com/rinosukmandityo/portfolio-balance/internal/postgres/portfolio_storage.go:162.16,164.3 1 0
github.com/rinosukmandityo/portfolio-balance/internal/postgres/portfolio_storage.go:167.26,174.17 2 0
github.com/rinosukmandityo/portfolio-balance/internal/postgres/portfolio_storage.go:174.17,176.4 1 0
github.com/rinosukmandityo/portfolio-balance/internal/postgres/portfolio_storage.go:179.35,181.3 1 0
github.com/rinosukmandityo/portfolio-balance/internal/postgres/portfolio_storage.go:187.115,190.27 3 0
github.com/rinosukmandityo/portfolio-balance/internal/postgres/portfolio_storage.go:195.2,196.16 2 0
github.com/rinosukmandityo/portfolio-balance/internal/postgres/portfolio_storage.go:200.2,200.15 1 0
github.com/rinosukmandityo/portfolio-balance/internal/postgres/portfolio_storage.go:210.2,216.16 2 0
github.com/rinosukmandityo/portfolio-balance/internal/postgres/portfolio_storage.go:219.2,219.15 1 0
github.com/rinosukmandityo/portfolio-balance/internal/postgres/portfolio_storage.go:227.2,227.26 1 0
github.com/rinosukmandityo/portfolio-balance/internal/postgres/portfolio_storage.go:240.2,240.48 1 0
github.com/rinosukmandityo/portfolio-balance/internal/postgres/portfolio_storage.go:244.2,244.36 1 0
github.com/rinosukmandityo/portfolio-balance/internal/postgres/portfolio_storage.go:248.2,248.35 1 0
github.com/rinosukmandityo/portfolio-balance/internal/postgres/portfolio_storage.go:252.2,252.12 1 0
github.com/rinosukmandityo/portfolio-balance/internal/postgres/portfolio_storage.go:190.27,193.3 2 0
github.com/rinosukmandityo/portfolio-balance/internal/postgres/portfolio_storage.go:196.16,198.3 1 0
github.com/rinosukmandityo/portfolio-balance/internal/postgres/portfolio_storage.go:200.15,201.17 1 0
github.com/rinosukmandityo/portfolio-balance/internal/postgres/portfolio_storage.go:201.17,202.56 1 0
github.com/rinosukmandityo/portfolio-balance/internal/postgres/portfolio_storage.go:202.56,206.5 2 0
github.com/rinosukmandityo/portfolio-balance/internal/postgres/portfolio_storage.go:216.16,218.3 1 0
github.com/rinosukmandityo/portfolio-balance/internal/postgres/portfolio_storage.go:219.15,220.46 1 0
github.com/rinosukmandityo/portfolio-balance/internal/postgres/portfolio_storage.go:220.46,224.4 2 0
github.com/rinosukmandityo/portfolio-balance/internal/postgres/portfolio_storage.go:227.26,235.17 2 0
github.com/rinosukmandityo/portfolio-balance/internal/postgres/portfolio_storage.go:235.17,237.4 1 0
github.com/rinosukmandityo/portfolio-balance/internal/postgres/portfolio_storage.go:240.48,242.3 1 0
github.com/rinosukmandityo/portfolio-balance/internal/postgres/portfolio_storage.go:244.36,246.3 1 0
github.com/rinosukmandityo/portfolio-balance/internal/postgres/portfolio_storage.go:248.35,250.3 1 0
github.com/rinosukmandityo/portfolio-balance/internal/postgres/portfolio_storage.go:255.112,263.2 1 0
github.com/rinosukmandityo/portfolio-balance/internal/postgres/portfolio_storage.go:265.83,267.31 2 0
github.com/rinosukmandityo/portfolio-balance/internal/postgres/portfolio_storage.go:271.2,271.12 1 0
github.com/rinosukmandityo/portfolio-balance/internal/postgres/portfolio_storage.go:267.31,269.3 1 0
github.com/rinosukmandityo/portfolio-balance/internal/postgres/portfolio_storage.go:274.73,283.2 2 0
github.com/rinosukmandityo/portfolio-balance/internal/postgres/portfolio_storage.go:285.37,291.2 1 0
github.com/rinosukmandityo/portfolio-balance/internal/kafka/kafka_msg.go:20.33,22.2 1 2
github.com/rinosukmandityo/portfolio-balance/internal/kafka/kafka_msg.go:24.42,26.2 1 0
github.com/rinosukmandityo/portfolio-balance/internal/kafka/kafka_msg.go:28.36,30.2 1 0
github.com/rinosukmandityo/portfolio-balance/internal/kafka/kafka_msg.go:32.35,34.2 1 0
github.com/rinosukmandityo/portfolio-balance/internal/kafka/kafka_msg.go:36.60,39.15 2 0
github.com/rinosukmandityo/portfolio-balance/internal/kafka/kafka_msg.go:47.2,47.44 1 0
github.com/rinosukmandityo/portfolio-balance/internal/kafka/kafka_msg.go:39.15,45.3 2 0
github.com/rinosukmandityo/portfolio-balance/internal/kafka/kafka_reader.go:27.25,35.2 2 1
github.com/rinosukmandityo/portfolio-balance/internal/kafka/kafka_reader.go:38.85,40.16 2 2
github.com/rinosukmandityo/portfolio-balance/internal/kafka/kafka_reader.go:46.2,52.17 2 2
github.com/rinosukmandityo/portfolio-balance/internal/kafka/kafka_reader.go:40.16,44.3 2 0
github.com/rinosukmandityo/portfolio-balance/internal/kafka/kafka_reader.go:56.37,58.2 1 0
github.com/rinosukmandityo/portfolio-balance/internal/kafka/kafka_reader.go:66.41,72.16 2 0
github.com/rinosukmandityo/portfolio-balance/internal/kafka/kafka_reader.go:76.2,87.16 2 0
github.com/rinosukmandityo/portfolio-balance/internal/kafka/kafka_reader.go:91.2,92.16 2 0
github.com/rinosukmandityo/portfolio-balance/internal/kafka/kafka_reader.go:96.2,96.47 1 0
github.com/rinosukmandityo/portfolio-balance/internal/kafka/kafka_reader.go:72.16,74.3 1 0
github.com/rinosukmandityo/portfolio-balance/internal/kafka/kafka_reader.go:87.16,89.3 1 0
github.com/rinosukmandityo/portfolio-balance/internal/kafka/kafka_reader.go:92.16,94.3 1 0
github.com/rinosukmandityo/portfolio-balance/internal/kafka/kafka_reader.go:96.47,98.3 1 0
github.com/rinosukmandityo/portfolio-balance/internal/consumer/pendingdp/config.go:14.41,15.28 1 2
github.com/rinosukmandityo/portfolio-balance/internal/consumer/pendingdp/config.go:15.28,17.3 1 2
github.com/rinosukmandityo/portfolio-balance/internal/consumer/pendingdp/config.go:21.38,22.28 1 2
github.com/rinosukmandityo/portfolio-balance/internal/consumer/pendingdp/config.go:22.28,24.3 1 2
github.com/rinosukmandityo/portfolio-balance/internal/consumer/pendingdp/config.go:28.56,29.28 1 2
github.com/rinosukmandityo/portfolio-balance/internal/consumer/pendingdp/config.go:29.28,31.3 1 2
github.com/rinosukmandityo/portfolio-balance/internal/consumer/pendingdp/config.go:35.61,36.28 1 2
github.com/rinosukmandityo/portfolio-balance/internal/consumer/pendingdp/config.go:36.28,38.3 1 2
github.com/rinosukmandityo/portfolio-balance/internal/consumer/pendingdp/config.go:42.56,43.28 1 2
github.com/rinosukmandityo/portfolio-balance/internal/consumer/pendingdp/config.go:43.28,45.3 1 2
github.com/rinosukmandityo/portfolio-balance/internal/consumer/pendingdp/config.go:49.56,50.28 1 0
github.com/rinosukmandityo/portfolio-balance/internal/consumer/pendingdp/config.go:50.28,52.3 1 0
github.com/rinosukmandityo/portfolio-balance/internal/consumer/pendingdp/config.go:56.47,57.28 1 0
github.com/rinosukmandityo/portfolio-balance/internal/consumer/pendingdp/config.go:57.28,58.14 1 0
github.com/rinosukmandityo/portfolio-balance/internal/consumer/pendingdp/config.go:58.14,60.4 1 0
github.com/rinosukmandityo/portfolio-balance/internal/consumer/pendingdp/config.go:60.9,62.4 1 0
github.com/rinosukmandityo/portfolio-balance/internal/consumer/pendingdp/service.go:58.21,74.16 4 2
github.com/rinosukmandityo/portfolio-balance/internal/consumer/pendingdp/service.go:78.2,78.30 1 2
github.com/rinosukmandityo/portfolio-balance/internal/consumer/pendingdp/service.go:82.2,82.17 1 2
github.com/rinosukmandityo/portfolio-balance/internal/consumer/pendingdp/service.go:74.16,75.13 1 0
github.com/rinosukmandityo/portfolio-balance/internal/consumer/pendingdp/service.go:78.30,80.3 1 10
github.com/rinosukmandityo/portfolio-balance/internal/consumer/pendingdp/service.go:86.35,88.2 1 11
github.com/rinosukmandityo/portfolio-balance/internal/consumer/pendingdp/service.go:91.54,98.16 7 2
github.com/rinosukmandityo/portfolio-balance/internal/consumer/pendingdp/service.go:101.2,103.18 2 2
github.com/rinosukmandityo/portfolio-balance/internal/consumer/pendingdp/service.go:98.16,100.3 1 0
github.com/rinosukmandityo/portfolio-balance/internal/consumer/pendingdp/service.go:107.47,111.2 3 0
github.com/rinosukmandityo/portfolio-balance/internal/consumer/pendingdp/service.go:113.77,114.29 1 2
github.com/rinosukmandityo/portfolio-balance/internal/consumer/pendingdp/service.go:126.2,126.12 1 2
github.com/rinosukmandityo/portfolio-balance/internal/consumer/pendingdp/service.go:114.29,116.17 2 2
github.com/rinosukmandityo/portfolio-balance/internal/consumer/pendingdp/service.go:123.3,123.38 1 2
github.com/rinosukmandityo/portfolio-balance/internal/consumer/pendingdp/service.go:116.17,122.4 4 0
github.com/rinosukmandityo/portfolio-balance/internal/consumer/pendingdp/service.go:129.85,139.16 4 799121
github.com/rinosukmandityo/portfolio-balance/internal/consumer/pendingdp/service.go:143.2,144.9 2 799121
github.com/rinosukmandityo/portfolio-balance/internal/consumer/pendingdp/service.go:148.2,149.16 2 799121
github.com/rinosukmandityo/portfolio-balance/internal/consumer/pendingdp/service.go:161.2,163.23 2 799121
github.com/rinosukmandityo/portfolio-balance/internal/consumer/pendingdp/service.go:139.16,141.3 1 0
github.com/rinosukmandityo/portfolio-balance/internal/consumer/pendingdp/service.go:144.9,146.3 1 0
github.com/rinosukmandityo/portfolio-balance/internal/consumer/pendingdp/service.go:149.16,159.3 3 0
github.com/rinosukmandityo/portfolio-balance/internal/consumer/pendingdp/service.go:169.93,181.6 8 2
github.com/rinosukmandityo/portfolio-balance/internal/consumer/pendingdp/service.go:181.6,183.26 1 799122
github.com/rinosukmandityo/portfolio-balance/internal/consumer/pendingdp/service.go:201.3,202.17 2 799122
github.com/rinosukmandityo/portfolio-balance/internal/consumer/pendingdp/service.go:211.3,213.17 3 799121
github.com/rinosukmandityo/portfolio-balance/internal/consumer/pendingdp/service.go:183.26,189.18 4 10
github.com/rinosukmandityo/portfolio-balance/internal/consumer/pendingdp/service.go:197.4,199.36 2 10
github.com/rinosukmandityo/portfolio-balance/internal/consumer/pendingdp/service.go:189.18,196.5 5 0
github.com/rinosukmandityo/portfolio-balance/internal/consumer/pendingdp/service.go:202.17,209.4 5 1
github.com/rinosukmandityo/portfolio-balance/internal/consumer/pendingdp/service.go:213.17,215.4 1 0
github.com/rinosukmandityo/portfolio-balance/internal/consumer/pendingdp/service.go:215.9,215.24 1 799121
github.com/rinosukmandityo/portfolio-balance/internal/consumer/pendingdp/service.go:215.24,220.4 2 799121
github.com/rinosukmandityo/portfolio-balance/internal/consumer/pendingdp/service.go:230.3,233.6 3 2
github.com/rinosukmandityo/portfolio-balance/internal/consumer/pendingdp/service.go:233.6,234.10 1 799031
github.com/rinosukmandityo/portfolio-balance/internal/consumer/pendingdp/service.go:235.21,238.10 2 1
github.com/rinosukmandityo/portfolio-balance/internal/consumer/pendingdp/service.go:239.25,241.35 2 799020
github.com/rinosukmandityo/portfolio-balance/internal/consumer/pendingdp/service.go:257.19,260.18 3 10
github.com/rinosukmandityo/portfolio-balance/internal/consumer/pendingdp/service.go:270.4,272.19 2 10
github.com/rinosukmandityo/portfolio-balance/internal/consumer/pendingdp/service.go:241.35,243.65 2 1
github.com/rinosukmandityo/portfolio-balance/internal/consumer/pendingdp/service.go:253.5,255.20 2 0
github.com/rinosukmandityo/portfolio-balance/internal/consumer/pendingdp/service.go:243.65,245.65 2 1
github.com/rinosukmandityo/portfolio-balance/internal/consumer/pendingdp/service.go:245.65,251.7 4 1
github.com/rinosukmandityo/portfolio-balance/internal/consumer/pendingdp/service.go:260.18,262.64 2 0
github.com/rinosukmandityo/portfolio-balance/internal/consumer/pendingdp/service.go:262.64,268.6 4 0
github.com/rinosukmandityo/portfolio-balance/internal/consumer/pendingdp/service.go:280.35,282.16 2 799121
github.com/rinosukmandityo/portfolio-balance/internal/consumer/pendingdp/service.go:294.2,305.95 2 799121
github.com/rinosukmandityo/portfolio-balance/internal/consumer/pendingdp/service.go:315.2,318.8 1 799121
github.com/rinosukmandityo/portfolio-balance/internal/consumer/pendingdp/service.go:282.16,284.40 2 0
github.com/rinosukmandityo/portfolio-balance/internal/consumer/pendingdp/service.go:290.3,290.18 1 0
github.com/rinosukmandityo/portfolio-balance/internal/consumer/pendingdp/service.go:284.40,288.4 2 0
github.com/rinosukmandityo/portfolio-balance/internal/consumer/pendingdp/service.go:305.95,306.40 1 0
github.com/rinosukmandityo/portfolio-balance/internal/consumer/pendingdp/service.go:312.3,312.18 1 0
github.com/rinosukmandityo/portfolio-balance/internal/consumer/pendingdp/service.go:306.40,310.4 2 0
github.com/rinosukmandityo/portfolio-balance/internal/consumer/pendingdp/service.go:324.15,325.20 1 11
github.com/rinosukmandityo/portfolio-balance/internal/consumer/pendingdp/service.go:329.2,336.15 3 11
github.com/rinosukmandityo/portfolio-balance/internal/consumer/pendingdp/service.go:351.2,353.50 2 11
github.com/rinosukmandityo/portfolio-balance/internal/consumer/pendingdp/service.go:359.2,359.12 1 10
github.com/rinosukmandityo/portfolio-balance/internal/consumer/pendingdp/service.go:325.20,327.3 1 0
github.com/rinosukmandityo/portfolio-balance/internal/consumer/pendingdp/service.go:336.15,344.17 4 11
github.com/rinosukmandityo/portfolio-balance/internal/consumer/pendingdp/service.go:344.17,349.4 3 1
github.com/rinosukmandityo/portfolio-balance/internal/consumer/pendingdp/service.go:353.50,357.3 1 1
github.com/rinosukmandityo/portfolio-balance/internal/consumer/pendingdp/service.go:363.82,379.27 8 11
github.com/rinosukmandityo/portfolio-balance/internal/consumer/pendingdp/service.go:394.2,401.75 4 11
github.com/rinosukmandityo/portfolio-balance/internal/consumer/pendingdp/service.go:406.2,410.25 4 10
github.com/rinosukmandityo/portfolio-balance/internal/consumer/pendingdp/service.go:421.2,423.12 2 10
github.com/rinosukmandityo/portfolio-balance/internal/consumer/pendingdp/service.go:379.27,383.30 3 799020
github.com/rinosukmandityo/portfolio-balance/internal/consumer/pendingdp/service.go:387.3,387.27 1 799020
github.com/rinosukmandityo/portfolio-balance/internal/consumer/pendingdp/service.go:391.3,391.49 1 799020
github.com/rinosukmandityo/portfolio-balance/internal/consumer/pendingdp/service.go:383.30,385.4 1 11
github.com/rinosukmandityo/portfolio-balance/internal/consumer/pendingdp/service.go:387.27,389.4 1 11
github.com/rinosukmandityo/portfolio-balance/internal/consumer/pendingdp/service.go:401.75,405.3 2 1
github.com/rinosukmandityo/portfolio-balance/internal/consumer/pendingdp/service.go:410.25,411.48 1 798020
github.com/rinosukmandityo/portfolio-balance/internal/consumer/pendingdp/service.go:411.48,419.4 2 0
github.com/rinosukmandityo/portfolio-balance/internal/consumer/datapoint/config.go:14.41,15.28 1 2
github.com/rinosukmandityo/portfolio-balance/internal/consumer/datapoint/config.go:15.28,17.3 1 2
github.com/rinosukmandityo/portfolio-balance/internal/consumer/datapoint/config.go:21.38,22.28 1 2
github.com/rinosukmandityo/portfolio-balance/internal/consumer/datapoint/config.go:22.28,24.3 1 2
github.com/rinosukmandityo/portfolio-balance/internal/consumer/datapoint/config.go:28.56,29.28 1 2
github.com/rinosukmandityo/portfolio-balance/internal/consumer/datapoint/config.go:29.28,31.3 1 2
github.com/rinosukmandityo/portfolio-balance/internal/consumer/datapoint/config.go:35.61,36.28 1 2
github.com/rinosukmandityo/portfolio-balance/internal/consumer/datapoint/config.go:36.28,38.3 1 2
github.com/rinosukmandityo/portfolio-balance/internal/consumer/datapoint/config.go:42.56,43.28 1 2
github.com/rinosukmandityo/portfolio-balance/internal/consumer/datapoint/config.go:43.28,45.3 1 2
github.com/rinosukmandityo/portfolio-balance/internal/consumer/datapoint/config.go:49.64,50.28 1 2
github.com/rinosukmandityo/portfolio-balance/internal/consumer/datapoint/config.go:50.28,52.3 1 2
github.com/rinosukmandityo/portfolio-balance/internal/consumer/datapoint/config.go:56.56,57.28 1 0
github.com/rinosukmandityo/portfolio-balance/internal/consumer/datapoint/config.go:57.28,59.3 1 0
github.com/rinosukmandityo/portfolio-balance/internal/consumer/datapoint/config.go:63.58,64.28 1 0
github.com/rinosukmandityo/portfolio-balance/internal/consumer/datapoint/config.go:64.28,65.14 1 0
github.com/rinosukmandityo/portfolio-balance/internal/consumer/datapoint/config.go:71.3,71.27 1 0
github.com/rinosukmandityo/portfolio-balance/internal/consumer/datapoint/config.go:65.14,67.4 1 0
github.com/rinosukmandityo/portfolio-balance/internal/consumer/datapoint/config.go:67.9,69.4 1 0
github.com/rinosukmandityo/portfolio-balance/internal/consumer/datapoint/config.go:76.45,77.28 1 1
github.com/rinosukmandityo/portfolio-balance/internal/consumer/datapoint/config.go:77.28,79.3 1 1
github.com/rinosukmandityo/portfolio-balance/internal/consumer/datapoint/granularity.go:9.64,12.9 2 808028
github.com/rinosukmandityo/portfolio-balance/internal/consumer/datapoint/granularity.go:27.2,27.20 1 808028
github.com/rinosukmandityo/portfolio-balance/internal/consumer/datapoint/granularity.go:13.94,14.42 1 1
github.com/rinosukmandityo/portfolio-balance/internal/consumer/datapoint/granularity.go:15.56,16.41 1 1
github.com/rinosukmandityo/portfolio-balance/internal/consumer/datapoint/granularity.go:17.59,18.49 1 1
github.com/rinosukmandityo/portfolio-balance/internal/consumer/datapoint/granularity.go:19.58,20.46 1 808021
github.com/rinosukmandityo/portfolio-balance/internal/consumer/datapoint/granularity.go:21.31,22.42 1 1
github.com/rinosukmandityo/portfolio-balance/internal/consumer/datapoint/granularity.go:23.34,24.52 1 2
github.com/rinosukmandityo/portfolio-balance/internal/consumer/datapoint/service.go:71.21,90.16 4 2
github.com/rinosukmandityo/portfolio-balance/internal/consumer/datapoint/service.go:94.2,94.30 1 2
github.com/rinosukmandityo/portfolio-balance/internal/consumer/datapoint/service.go:98.2,98.17 1 2
github.com/rinosukmandityo/portfolio-balance/internal/consumer/datapoint/service.go:90.16,91.13 1 0
github.com/rinosukmandityo/portfolio-balance/internal/consumer/datapoint/service.go:94.30,96.3 1 13
github.com/rinosukmandityo/portfolio-balance/internal/consumer/datapoint/service.go:102.35,104.2 1 808042
github.com/rinosukmandityo/portfolio-balance/internal/consumer/datapoint/service.go:107.54,114.16 7 2
github.com/rinosukmandityo/portfolio-balance/internal/consumer/datapoint/service.go:117.2,119.18 2 2
github.com/rinosukmandityo/portfolio-balance/internal/consumer/datapoint/service.go:114.16,116.3 1 0
github.com/rinosukmandityo/portfolio-balance/internal/consumer/datapoint/service.go:123.47,127.2 3 0
github.com/rinosukmandityo/portfolio-balance/internal/consumer/datapoint/service.go:129.85,139.16 4 808020
github.com/rinosukmandityo/portfolio-balance/internal/consumer/datapoint/service.go:143.2,144.9 2 808020
github.com/rinosukmandityo/portfolio-balance/internal/consumer/datapoint/service.go:148.2,149.16 2 808020
github.com/rinosukmandityo/portfolio-balance/internal/consumer/datapoint/service.go:161.2,163.23 2 808020
github.com/rinosukmandityo/portfolio-balance/internal/consumer/datapoint/service.go:139.16,141.3 1 0
github.com/rinosukmandityo/portfolio-balance/internal/consumer/datapoint/service.go:144.9,146.3 1 0
github.com/rinosukmandityo/portfolio-balance/internal/consumer/datapoint/service.go:149.16,159.3 3 0
github.com/rinosukmandityo/portfolio-balance/internal/consumer/datapoint/service.go:169.93,182.6 9 2
github.com/rinosukmandityo/portfolio-balance/internal/consumer/datapoint/service.go:182.6,184.26 1 808022
github.com/rinosukmandityo/portfolio-balance/internal/consumer/datapoint/service.go:202.3,203.17 2 808022
github.com/rinosukmandityo/portfolio-balance/internal/consumer/datapoint/service.go:212.3,214.34 3 808020
github.com/rinosukmandityo/portfolio-balance/internal/consumer/datapoint/service.go:222.3,226.17 4 808020
github.com/rinosukmandityo/portfolio-balance/internal/consumer/datapoint/service.go:184.26,190.18 4 19
github.com/rinosukmandityo/portfolio-balance/internal/consumer/datapoint/service.go:198.4,200.36 2 19
github.com/rinosukmandityo/portfolio-balance/internal/consumer/datapoint/service.go:190.18,197.5 5 0
github.com/rinosukmandityo/portfolio-balance/internal/consumer/datapoint/service.go:203.17,210.4 5 2
github.com/rinosukmandityo/portfolio-balance/internal/consumer/datapoint/service.go:214.34,221.4 1 808020
github.com/rinosukmandityo/portfolio-balance/internal/consumer/datapoint/service.go:226.17,228.4 1 0
github.com/rinosukmandityo/portfolio-balance/internal/consumer/datapoint/service.go:228.9,228.24 1 808020
github.com/rinosukmandityo/portfolio-balance/internal/consumer/datapoint/service.go:228.24,233.4 2 808020
github.com/rinosukmandityo/portfolio-balance/internal/consumer/datapoint/service.go:243.3,246.6 3 2
github.com/rinosukmandityo/portfolio-balance/internal/consumer/datapoint/service.go:246.6,247.10 1 808034
github.com/rinosukmandityo/portfolio-balance/internal/consumer/datapoint/service.go:248.21,251.10 2 2
github.com/rinosukmandityo/portfolio-balance/internal/consumer/datapoint/service.go:252.25,254.35 2 808020
github.com/rinosukmandityo/portfolio-balance/internal/consumer/datapoint/service.go:270.19,273.18 3 12
github.com/rinosukmandityo/portfolio-balance/internal/consumer/datapoint/service.go:283.4,285.19 2 12
github.com/rinosukmandityo/portfolio-balance/internal/consumer/datapoint/service.go:254.35,256.65 2 10
github.com/rinosukmandityo/portfolio-balance/internal/consumer/datapoint/service.go:266.5,268.20 2 10
github.com/rinosukmandityo/portfolio-balance/internal/consumer/datapoint/service.go:256.65,258.65 2 0
github.com/rinosukmandityo/portfolio-balance/internal/consumer/datapoint/service.go:258.65,264.7 4 0
github.com/rinosukmandityo/portfolio-balance/internal/consumer/datapoint/service.go:273.18,275.64 2 0
github.com/rinosukmandityo/portfolio-balance/internal/consumer/datapoint/service.go:275.64,281.6 4 0
github.com/rinosukmandityo/portfolio-balance/internal/consumer/datapoint/service.go:293.35,295.16 2 808020
github.com/rinosukmandityo/portfolio-balance/internal/consumer/datapoint/service.go:307.2,323.95 5 808020
github.com/rinosukmandityo/portfolio-balance/internal/consumer/datapoint/service.go:333.2,336.8 1 808020
github.com/rinosukmandityo/portfolio-balance/internal/consumer/datapoint/service.go:295.16,297.40 2 0
github.com/rinosukmandityo/portfolio-balance/internal/consumer/datapoint/service.go:303.3,303.18 1 0
github.com/rinosukmandityo/portfolio-balance/internal/consumer/datapoint/service.go:297.40,301.4 2 0
github.com/rinosukmandityo/portfolio-balance/internal/consumer/datapoint/service.go:323.95,324.40 1 0
github.com/rinosukmandityo/portfolio-balance/internal/consumer/datapoint/service.go:330.3,330.18 1 0
github.com/rinosukmandityo/portfolio-balance/internal/consumer/datapoint/service.go:324.40,328.4 2 0
github.com/rinosukmandityo/portfolio-balance/internal/consumer/datapoint/service.go:339.77,340.29 1 2
github.com/rinosukmandityo/portfolio-balance/internal/consumer/datapoint/service.go:352.2,352.12 1 2
github.com/rinosukmandityo/portfolio-balance/internal/consumer/datapoint/service.go:340.29,342.17 2 2
github.com/rinosukmandityo/portfolio-balance/internal/consumer/datapoint/service.go:349.3,349.38 1 2
github.com/rinosukmandityo/portfolio-balance/internal/consumer/datapoint/service.go:342.17,348.4 4 0
github.com/rinosukmandityo/portfolio-balance/internal/consumer/datapoint/service.go:358.15,359.20 1 22
github.com/rinosukmandityo/portfolio-balance/internal/consumer/datapoint/service.go:363.2,370.15 3 22
github.com/rinosukmandityo/portfolio-balance/internal/consumer/datapoint/service.go:385.2,387.50 2 22
github.com/rinosukmandityo/portfolio-balance/internal/consumer/datapoint/service.go:393.2,393.12 1 22
github.com/rinosukmandityo/portfolio-balance/internal/consumer/datapoint/service.go:359.20,361.3 1 0
github.com/rinosukmandityo/portfolio-balance/internal/consumer/datapoint/service.go:370.15,378.17 4 22
github.com/rinosukmandityo/portfolio-balance/internal/consumer/datapoint/service.go:378.17,383.4 3 0
github.com/rinosukmandityo/portfolio-balance/internal/consumer/datapoint/service.go:387.50,391.3 1 0
github.com/rinosukmandityo/portfolio-balance/internal/consumer/datapoint/service.go:397.82,416.27 10 22
github.com/rinosukmandityo/portfolio-balance/internal/consumer/datapoint/service.go:451.2,454.25 2 22
github.com/rinosukmandityo/portfolio-balance/internal/consumer/datapoint/service.go:466.2,474.70 5 22
github.com/rinosukmandityo/portfolio-balance/internal/consumer/datapoint/service.go:497.2,501.25 4 22
github.com/rinosukmandityo/portfolio-balance/internal/consumer/datapoint/service.go:512.2,514.12 2 22
github.com/rinosukmandityo/portfolio-balance/internal/consumer/datapoint/service.go:416.27,421.60 3 808020
github.com/rinosukmandityo/portfolio-balance/internal/consumer/datapoint/service.go:436.3,439.30 3 808020
github.com/rinosukmandityo/portfolio-balance/internal/consumer/datapoint/service.go:443.3,443.27 1 808020
github.com/rinosukmandityo/portfolio-balance/internal/consumer/datapoint/service.go:447.3,448.74 2 808020
github.com/rinosukmandityo/portfolio-balance/internal/consumer/datapoint/service.go:421.60,422.88 1 808020
github.com/rinosukmandityo/portfolio-balance/internal/consumer/datapoint/service.go:425.4,425.49 1 808020
github.com/rinosukmandityo/portfolio-balance/internal/consumer/datapoint/service.go:422.88,424.5 1 808020
github.com/rinosukmandityo/portfolio-balance/internal/consumer/datapoint/service.go:425.49,427.5 1 0
github.com/rinosukmandityo/portfolio-balance/internal/consumer/datapoint/service.go:427.10,434.5 1 808020
github.com/rinosukmandityo/portfolio-balance/internal/consumer/datapoint/service.go:439.30,441.4 1 22
github.com/rinosukmandityo/portfolio-balance/internal/consumer/datapoint/service.go:443.27,445.4 1 22
github.com/rinosukmandityo/portfolio-balance/internal/consumer/datapoint/service.go:454.25,456.61 1 1408
github.com/rinosukmandityo/portfolio-balance/internal/consumer/datapoint/service.go:460.3,463.4 1 0
github.com/rinosukmandityo/portfolio-balance/internal/consumer/datapoint/service.go:456.61,457.12 1 1408
github.com/rinosukmandityo/portfolio-balance/internal/consumer/datapoint/service.go:474.70,478.31 2 10
github.com/rinosukmandityo/portfolio-balance/internal/consumer/datapoint/service.go:482.3,487.75 3 10
github.com/rinosukmandityo/portfolio-balance/internal/consumer/datapoint/service.go:493.3,495.4 1 10
github.com/rinosukmandityo/portfolio-balance/internal/consumer/datapoint/service.go:478.31,480.4 1 0
github.com/rinosukmandityo/portfolio-balance/internal/consumer/datapoint/service.go:487.75,491.4 2 0
github.com/rinosukmandityo/portfolio-balance/internal/consumer/datapoint/service.go:501.25,502.48 1 808020
github.com/rinosukmandityo/portfolio-balance/internal/consumer/datapoint/service.go:502.48,510.4 2 0
